{"uid":"48fe07fe538a6e1a","name":"test_user_create[api-22]","fullName":"tests.endpoints.test_users#test_user_create","historyId":"399795371ebac6e8cb7c3c805e670145","time":{"start":1733084992423,"stop":1733084992921,"duration":498},"status":"failed","statusMessage":"AssertionError: Create user failed with code: 500\nassert 500 == 200\n +  where 500 = <Response [500]>.status_code","statusTrace":"api_client = <api_handler.api_client.ApiClient object at 0x7f7e012f8c50>\nx_task_value = 'api-22'\n\n    @allure.feature(\"User API\")\n    @allure.story(\"Create user\")\n    @pytest.mark.parametrize(\"x_task_value\", [\"api-22\"])\n    def test_user_create(api_client, x_task_value):\n        dto = UserBase(email=f.email(), password=f.password(), name=f.name(), nickname=f.user_name())\n        dto.model_dump(exclude_none=True)\n        response = api_client.create_user(dto, x_task_value)\n    \n>       assert response.status_code == 200, f\"Create user failed with code: {response.status_code}\"\nE       AssertionError: Create user failed with code: 500\nE       assert 500 == 200\nE        +  where 500 = <Response [500]>.status_code\n\ntests/endpoints/test_users.py:90: AssertionError","flaky":false,"newFailed":false,"newBroken":false,"newPassed":false,"retriesCount":0,"retriesStatusChange":false,"beforeStages":[{"name":"_session_faker","time":{"start":1733084982873,"stop":1733084982874,"duration":1},"status":"passed","steps":[],"attachments":[],"parameters":[],"shouldDisplayMessage":false,"stepsCount":0,"attachmentsCount":0,"hasContent":false,"attachmentStep":false},{"name":"base_url","time":{"start":1733084982874,"stop":1733084982874,"duration":0},"status":"passed","steps":[],"attachments":[],"parameters":[],"shouldDisplayMessage":false,"stepsCount":0,"attachmentsCount":0,"hasContent":false,"attachmentStep":false},{"name":"worker_id","time":{"start":1733084982875,"stop":1733084982875,"duration":0},"status":"passed","steps":[],"attachments":[],"parameters":[],"shouldDisplayMessage":false,"stepsCount":0,"attachmentsCount":0,"hasContent":false,"attachmentStep":false},{"name":"setup_test","time":{"start":1733084982875,"stop":1733084985487,"duration":2612},"status":"passed","steps":[],"attachments":[],"parameters":[],"shouldDisplayMessage":false,"stepsCount":0,"attachmentsCount":0,"hasContent":false,"attachmentStep":false},{"name":"api_client","time":{"start":1733084982875,"stop":1733084982875,"duration":0},"status":"passed","steps":[],"attachments":[],"parameters":[],"shouldDisplayMessage":false,"stepsCount":0,"attachmentsCount":0,"hasContent":false,"attachmentStep":false}],"testStage":{"status":"failed","statusMessage":"AssertionError: Create user failed with code: 500\nassert 500 == 200\n +  where 500 = <Response [500]>.status_code","statusTrace":"api_client = <api_handler.api_client.ApiClient object at 0x7f7e012f8c50>\nx_task_value = 'api-22'\n\n    @allure.feature(\"User API\")\n    @allure.story(\"Create user\")\n    @pytest.mark.parametrize(\"x_task_value\", [\"api-22\"])\n    def test_user_create(api_client, x_task_value):\n        dto = UserBase(email=f.email(), password=f.password(), name=f.name(), nickname=f.user_name())\n        dto.model_dump(exclude_none=True)\n        response = api_client.create_user(dto, x_task_value)\n    \n>       assert response.status_code == 200, f\"Create user failed with code: {response.status_code}\"\nE       AssertionError: Create user failed with code: 500\nE       assert 500 == 200\nE        +  where 500 = <Response [500]>.status_code\n\ntests/endpoints/test_users.py:90: AssertionError","steps":[],"attachments":[{"uid":"9edd2d0a7e2877e1","name":"log","source":"9edd2d0a7e2877e1.txt","type":"text/plain","size":319},{"uid":"a8503b9220fa54c2","name":"stderr","source":"a8503b9220fa54c2.txt","type":"text/plain","size":315}],"parameters":[],"shouldDisplayMessage":true,"stepsCount":0,"attachmentsCount":2,"hasContent":true,"attachmentStep":false},"afterStages":[{"name":"setup_test::0","time":{"start":1733084999241,"stop":1733084999241,"duration":0},"status":"passed","steps":[],"attachments":[],"parameters":[],"shouldDisplayMessage":false,"stepsCount":0,"attachmentsCount":0,"hasContent":false,"attachmentStep":false}],"labels":[{"name":"story","value":"Create user"},{"name":"feature","value":"User API"},{"name":"parentSuite","value":"tests.endpoints"},{"name":"suite","value":"test_users"},{"name":"host","value":"fv-az881-610"},{"name":"thread","value":"2818-MainThread"},{"name":"framework","value":"pytest"},{"name":"language","value":"cpython3"},{"name":"package","value":"tests.endpoints.test_users"},{"name":"resultFormat","value":"allure2"}],"parameters":[{"name":"x_task_value","value":"'api-22'"}],"links":[],"hidden":false,"retry":false,"extra":{"severity":"normal","retries":[],"categories":[{"name":"Product defects","matchedStatuses":[],"flaky":false}],"history":{"statistic":{"failed":2,"broken":0,"skipped":0,"passed":1,"unknown":0,"total":3},"items":[{"uid":"99ccc4ec0ebceeb9","reportUrl":"https://ils-808.github.io/qahack/61//#testresult/99ccc4ec0ebceeb9","status":"failed","statusDetails":"AssertionError: Create user failed with code: 500\nassert 500 == 200\n +  where 500 = <Response [500]>.status_code","time":{"start":1733084770484,"stop":1733084771184,"duration":700}},{"uid":"85805b1be5fddd2f","reportUrl":"https://ils-808.github.io/qahack/60//#testresult/85805b1be5fddd2f","status":"passed","time":{"start":1733084491305,"stop":1733084492211,"duration":906}}]},"tags":[]},"source":"48fe07fe538a6e1a.json","parameterValues":["'api-22'"]}