{"uid":"aa006527ab5110b2","name":"test_user_create[api-22]","fullName":"tests.endpoints.test_users#test_user_create","historyId":"399795371ebac6e8cb7c3c805e670145","time":{"start":1733062519658,"stop":1733062522810,"duration":3152},"status":"failed","statusMessage":"AssertionError: Create user failed with code: 500\nassert 500 == 200\n +  where 500 = <Response [500]>.status_code","statusTrace":"api_client = <api_handler.ApiClient.ApiClient object at 0x7f1abd18e9c0>\nx_task_value = 'api-22'\n\n    @allure.feature(\"User API\")\n    @allure.story(\"Create user\")\n    @pytest.mark.parametrize(\"x_task_value\", [\"api-22\"])\n    def test_user_create(api_client, x_task_value):\n        dto = UserBase(email=f.email(), password=f.password(), name=f.name(), nickname=f.user_name())\n        dto.model_dump(exclude_none=True)\n        response = api_client.create_user(dto, x_task_value)\n    \n>       assert response.status_code == 200, f\"Create user failed with code: {response.status_code}\"\nE       AssertionError: Create user failed with code: 500\nE       assert 500 == 200\nE        +  where 500 = <Response [500]>.status_code\n\ntests/endpoints/test_users.py:89: AssertionError","flaky":false,"newFailed":false,"newBroken":false,"newPassed":false,"retriesCount":0,"retriesStatusChange":false,"beforeStages":[{"name":"_session_faker","time":{"start":1733062449933,"stop":1733062449934,"duration":1},"status":"passed","steps":[],"attachments":[],"parameters":[],"stepsCount":0,"attachmentsCount":0,"shouldDisplayMessage":false,"hasContent":false},{"name":"base_url","time":{"start":1733062519658,"stop":1733062519658,"duration":0},"status":"passed","steps":[],"attachments":[],"parameters":[],"stepsCount":0,"attachmentsCount":0,"shouldDisplayMessage":false,"hasContent":false},{"name":"api_client","time":{"start":1733062519658,"stop":1733062519658,"duration":0},"status":"passed","steps":[],"attachments":[],"parameters":[],"stepsCount":0,"attachmentsCount":0,"shouldDisplayMessage":false,"hasContent":false}],"testStage":{"status":"failed","statusMessage":"AssertionError: Create user failed with code: 500\nassert 500 == 200\n +  where 500 = <Response [500]>.status_code","statusTrace":"api_client = <api_handler.ApiClient.ApiClient object at 0x7f1abd18e9c0>\nx_task_value = 'api-22'\n\n    @allure.feature(\"User API\")\n    @allure.story(\"Create user\")\n    @pytest.mark.parametrize(\"x_task_value\", [\"api-22\"])\n    def test_user_create(api_client, x_task_value):\n        dto = UserBase(email=f.email(), password=f.password(), name=f.name(), nickname=f.user_name())\n        dto.model_dump(exclude_none=True)\n        response = api_client.create_user(dto, x_task_value)\n    \n>       assert response.status_code == 200, f\"Create user failed with code: {response.status_code}\"\nE       AssertionError: Create user failed with code: 500\nE       assert 500 == 200\nE        +  where 500 = <Response [500]>.status_code\n\ntests/endpoints/test_users.py:89: AssertionError","steps":[],"attachments":[{"uid":"b408326dbaceb885","name":"log","source":"b408326dbaceb885.txt","type":"text/plain","size":317},{"uid":"4347c9ba801800ac","name":"stderr","source":"4347c9ba801800ac.txt","type":"text/plain","size":5670}],"parameters":[],"stepsCount":0,"attachmentsCount":2,"shouldDisplayMessage":true,"hasContent":true},"afterStages":[],"labels":[{"name":"feature","value":"User API"},{"name":"story","value":"Create user"},{"name":"parentSuite","value":"tests.endpoints"},{"name":"suite","value":"test_users"},{"name":"host","value":"fv-az915-185"},{"name":"thread","value":"2322-MainThread"},{"name":"framework","value":"pytest"},{"name":"language","value":"cpython3"},{"name":"package","value":"tests.endpoints.test_users"},{"name":"resultFormat","value":"allure2"}],"parameters":[{"name":"x_task_value","value":"'api-22'"}],"links":[],"hidden":false,"retry":false,"extra":{"severity":"normal","retries":[],"categories":[{"name":"Product defects","matchedStatuses":[],"flaky":false}],"tags":[]},"source":"aa006527ab5110b2.json","parameterValues":["'api-22'"]}