{"uid":"b1808fc7a6661bef","name":"test_user_create[api-22]","fullName":"tests.endpoints.test_users#test_user_create","historyId":"399795371ebac6e8cb7c3c805e670145","time":{"start":1733084005698,"stop":1733084006290,"duration":592},"status":"failed","statusMessage":"AssertionError: Create user failed with code: 500\nassert 500 == 200\n +  where 500 = <Response [500]>.status_code","statusTrace":"api_client = <api_handler.api_client.ApiClient object at 0x7fd499af48f0>\nx_task_value = 'api-22'\n\n    @allure.feature(\"User API\")\n    @allure.story(\"Create user\")\n    @pytest.mark.parametrize(\"x_task_value\", [\"api-22\"])\n    def test_user_create(api_client, x_task_value):\n        dto = UserBase(email=f.email(), password=f.password(), name=f.name(), nickname=f.user_name())\n        dto.model_dump(exclude_none=True)\n        response = api_client.create_user(dto, x_task_value)\n    \n>       assert response.status_code == 200, f\"Create user failed with code: {response.status_code}\"\nE       AssertionError: Create user failed with code: 500\nE       assert 500 == 200\nE        +  where 500 = <Response [500]>.status_code\n\ntests/endpoints/test_users.py:90: AssertionError","flaky":false,"newFailed":false,"newBroken":false,"newPassed":false,"retriesCount":0,"retriesStatusChange":false,"beforeStages":[{"name":"_session_faker","time":{"start":1733083997552,"stop":1733083997554,"duration":2},"status":"passed","steps":[],"attachments":[],"parameters":[],"stepsCount":0,"attachmentsCount":0,"shouldDisplayMessage":false,"hasContent":false},{"name":"api_client","time":{"start":1733083997554,"stop":1733083997555,"duration":1},"status":"passed","steps":[],"attachments":[],"parameters":[],"stepsCount":0,"attachmentsCount":0,"shouldDisplayMessage":false,"hasContent":false},{"name":"base_url","time":{"start":1733083997554,"stop":1733083997554,"duration":0},"status":"passed","steps":[],"attachments":[],"parameters":[],"stepsCount":0,"attachmentsCount":0,"shouldDisplayMessage":false,"hasContent":false},{"name":"setup_test","time":{"start":1733083997555,"stop":1733083999665,"duration":2110},"status":"passed","steps":[],"attachments":[],"parameters":[],"stepsCount":0,"attachmentsCount":0,"shouldDisplayMessage":false,"hasContent":false},{"name":"worker_id","time":{"start":1733083997555,"stop":1733083997555,"duration":0},"status":"passed","steps":[],"attachments":[],"parameters":[],"stepsCount":0,"attachmentsCount":0,"shouldDisplayMessage":false,"hasContent":false}],"testStage":{"status":"failed","statusMessage":"AssertionError: Create user failed with code: 500\nassert 500 == 200\n +  where 500 = <Response [500]>.status_code","statusTrace":"api_client = <api_handler.api_client.ApiClient object at 0x7fd499af48f0>\nx_task_value = 'api-22'\n\n    @allure.feature(\"User API\")\n    @allure.story(\"Create user\")\n    @pytest.mark.parametrize(\"x_task_value\", [\"api-22\"])\n    def test_user_create(api_client, x_task_value):\n        dto = UserBase(email=f.email(), password=f.password(), name=f.name(), nickname=f.user_name())\n        dto.model_dump(exclude_none=True)\n        response = api_client.create_user(dto, x_task_value)\n    \n>       assert response.status_code == 200, f\"Create user failed with code: {response.status_code}\"\nE       AssertionError: Create user failed with code: 500\nE       assert 500 == 200\nE        +  where 500 = <Response [500]>.status_code\n\ntests/endpoints/test_users.py:90: AssertionError","steps":[],"attachments":[{"uid":"fd49b64a880e0593","name":"log","source":"fd49b64a880e0593.txt","type":"text/plain","size":319},{"uid":"7b45d8b58e0aa928","name":"stderr","source":"7b45d8b58e0aa928.txt","type":"text/plain","size":315}],"parameters":[],"stepsCount":0,"attachmentsCount":2,"shouldDisplayMessage":true,"hasContent":true},"afterStages":[{"name":"setup_test::0","time":{"start":1733084009924,"stop":1733084009924,"duration":0},"status":"passed","steps":[],"attachments":[],"parameters":[],"stepsCount":0,"attachmentsCount":0,"shouldDisplayMessage":false,"hasContent":false}],"labels":[{"name":"story","value":"Create user"},{"name":"feature","value":"User API"},{"name":"parentSuite","value":"tests.endpoints"},{"name":"suite","value":"test_users"},{"name":"host","value":"fv-az1538-756"},{"name":"thread","value":"2361-MainThread"},{"name":"framework","value":"pytest"},{"name":"language","value":"cpython3"},{"name":"package","value":"tests.endpoints.test_users"},{"name":"resultFormat","value":"allure2"}],"parameters":[{"name":"x_task_value","value":"'api-22'"}],"links":[],"hidden":false,"retry":false,"extra":{"severity":"normal","retries":[],"categories":[{"name":"Product defects","matchedStatuses":[],"flaky":false}],"tags":[]},"source":"b1808fc7a6661bef.json","parameterValues":["'api-22'"]}